1572846570.203286 client started (90550): version 2.9a, socket /private/tmp/tmux-501/default, protocol 8
1572846570.203329 on Darwin 19.0.0 Darwin Kernel Version 19.0.0: Thu Oct 17 16:17:15 PDT 2019; root:xnu-6153.41.3~29/RELEASE_X86_64; libevent 2.1.11-stable (select)
1572846570.203360 socket is /private/tmp/tmux-501/default
1572846570.203376 trying connect
1572846570.203457 add peer 0x7fab80000000: 6 (0x0)
1572846570.204264 sending message 100 to peer 0x7fab80000000 (4 bytes)
1572846570.204279 sending message 101 to peer 0x7fab80000000 (21 bytes)
1572846570.204285 sending message 102 to peer 0x7fab80000000 (13 bytes)
1572846570.204290 sending message 108 to peer 0x7fab80000000 (27 bytes)
1572846570.204301 sending message 104 to peer 0x7fab80000000 (0 bytes)
1572846570.204307 sending message 107 to peer 0x7fab80000000 (4 bytes)
1572846570.204312 sending message 105 to peer 0x7fab80000000 (26 bytes)
1572846570.204318 sending message 105 to peer 0x7fab80000000 (23 bytes)
1572846570.204325 sending message 105 to peer 0x7fab80000000 (26 bytes)
1572846570.204330 sending message 105 to peer 0x7fab80000000 (18 bytes)
1572846570.204335 sending message 105 to peer 0x7fab80000000 (23 bytes)
1572846570.204341 sending message 105 to peer 0x7fab80000000 (26 bytes)
1572846570.204346 sending message 105 to peer 0x7fab80000000 (15 bytes)
1572846570.204351 sending message 105 to peer 0x7fab80000000 (45 bytes)
1572846570.204358 sending message 105 to peer 0x7fab80000000 (57 bytes)
1572846570.204363 sending message 105 to peer 0x7fab80000000 (43 bytes)
1572846570.204368 sending message 105 to peer 0x7fab80000000 (17 bytes)
1572846570.204373 sending message 105 to peer 0x7fab80000000 (27 bytes)
1572846570.204379 sending message 105 to peer 0x7fab80000000 (60 bytes)
1572846570.204384 sending message 105 to peer 0x7fab80000000 (28 bytes)
1572846570.204389 sending message 105 to peer 0x7fab80000000 (35 bytes)
1572846570.204394 sending message 105 to peer 0x7fab80000000 (16 bytes)
1572846570.204399 sending message 105 to peer 0x7fab80000000 (15 bytes)
1572846570.204404 sending message 105 to peer 0x7fab80000000 (21 bytes)
1572846570.204410 sending message 105 to peer 0x7fab80000000 (22 bytes)
1572846570.204415 sending message 105 to peer 0x7fab80000000 (34 bytes)
1572846570.204420 sending message 105 to peer 0x7fab80000000 (14 bytes)
1572846570.204425 sending message 105 to peer 0x7fab80000000 (15 bytes)
1572846570.204430 sending message 105 to peer 0x7fab80000000 (66 bytes)
1572846570.204435 sending message 105 to peer 0x7fab80000000 (15 bytes)
1572846570.204440 sending message 105 to peer 0x7fab80000000 (32 bytes)
1572846570.204446 sending message 105 to peer 0x7fab80000000 (15 bytes)
1572846570.204451 sending message 105 to peer 0x7fab80000000 (15 bytes)
1572846570.204456 sending message 105 to peer 0x7fab80000000 (15 bytes)
1572846570.204461 sending message 105 to peer 0x7fab80000000 (43 bytes)
1572846570.204466 sending message 105 to peer 0x7fab80000000 (36 bytes)
1572846570.204471 sending message 105 to peer 0x7fab80000000 (15 bytes)
1572846570.204476 sending message 105 to peer 0x7fab80000000 (30 bytes)
1572846570.204481 sending message 105 to peer 0x7fab80000000 (39 bytes)
1572846570.204486 sending message 105 to peer 0x7fab80000000 (15 bytes)
1572846570.204492 sending message 105 to peer 0x7fab80000000 (15 bytes)
1572846570.204497 sending message 105 to peer 0x7fab80000000 (61 bytes)
1572846570.204502 sending message 105 to peer 0x7fab80000000 (433 bytes)
1572846570.204508 sending message 105 to peer 0x7fab80000000 (15 bytes)
1572846570.204514 sending message 105 to peer 0x7fab80000000 (15 bytes)
1572846570.204519 sending message 105 to peer 0x7fab80000000 (51 bytes)
1572846570.204524 sending message 105 to peer 0x7fab80000000 (31 bytes)
1572846570.204529 sending message 105 to peer 0x7fab80000000 (37 bytes)
1572846570.204534 sending message 105 to peer 0x7fab80000000 (12 bytes)
1572846570.204539 sending message 105 to peer 0x7fab80000000 (26 bytes)
1572846570.204545 sending message 105 to peer 0x7fab80000000 (22 bytes)
1572846570.204550 sending message 105 to peer 0x7fab80000000 (14 bytes)
1572846570.204563 sending message 105 to peer 0x7fab80000000 (13 bytes)
1572846570.204567 sending message 105 to peer 0x7fab80000000 (87 bytes)
1572846570.204570 sending message 105 to peer 0x7fab80000000 (15 bytes)
1572846570.204574 sending message 105 to peer 0x7fab80000000 (53 bytes)
1572846570.204577 sending message 105 to peer 0x7fab80000000 (15 bytes)
1572846570.204580 sending message 105 to peer 0x7fab80000000 (15 bytes)
1572846570.204583 sending message 105 to peer 0x7fab80000000 (19 bytes)
1572846570.204587 sending message 105 to peer 0x7fab80000000 (15 bytes)
1572846570.204590 sending message 105 to peer 0x7fab80000000 (15 bytes)
1572846570.204593 sending message 105 to peer 0x7fab80000000 (8 bytes)
1572846570.204597 sending message 105 to peer 0x7fab80000000 (22 bytes)
1572846570.204600 sending message 105 to peer 0x7fab80000000 (14 bytes)
1572846570.204603 sending message 105 to peer 0x7fab80000000 (15 bytes)
1572846570.204606 sending message 105 to peer 0x7fab80000000 (26 bytes)
1572846570.204610 sending message 105 to peer 0x7fab80000000 (47 bytes)
1572846570.204613 sending message 105 to peer 0x7fab80000000 (99 bytes)
1572846570.204616 sending message 105 to peer 0x7fab80000000 (31 bytes)
1572846570.204619 sending message 105 to peer 0x7fab80000000 (45 bytes)
1572846570.204623 sending message 105 to peer 0x7fab80000000 (61 bytes)
1572846570.204626 sending message 105 to peer 0x7fab80000000 (18 bytes)
1572846570.204629 sending message 105 to peer 0x7fab80000000 (31 bytes)
1572846570.204632 sending message 105 to peer 0x7fab80000000 (101 bytes)
1572846570.204637 sending message 105 to peer 0x7fab80000000 (102 bytes)
1572846570.204640 sending message 105 to peer 0x7fab80000000 (14 bytes)
1572846570.204644 sending message 105 to peer 0x7fab80000000 (19 bytes)
1572846570.204647 sending message 105 to peer 0x7fab80000000 (28 bytes)
1572846570.204650 sending message 105 to peer 0x7fab80000000 (20 bytes)
1572846570.204654 sending message 105 to peer 0x7fab80000000 (34 bytes)
1572846570.204657 sending message 105 to peer 0x7fab80000000 (11 bytes)
1572846570.204660 sending message 105 to peer 0x7fab80000000 (19 bytes)
1572846570.204663 sending message 105 to peer 0x7fab80000000 (22 bytes)
1572846570.204667 sending message 106 to peer 0x7fab80000000 (0 bytes)
1572846570.204672 sending message 200 to peer 0x7fab80000000 (4 bytes)
1572846570.204677 client loop enter
1572846570.204860 peer 0x7fab80000000 message 211
1572846570.204866 client_write: sessions should be nested with care, unset $TMUX to force\n
1572846570.204878 peer 0x7fab80000000 message 203
1572846570.204882 client loop exit
